<?xml version="1.0" encoding="utf-8"?><testsuites name="pytest tests"><testsuite name="pytest" errors="0" failures="0" skipped="1" tests="14" time="2.958" timestamp="2026-05-13T17:04:06.208253+02:00" hostname="L-1027100384"><testcase classname="pycartool.ris.tests.test_source_estimate" name="test_read_is" time="0.000"><skipped type="pytest.skip" message="Requires large file">C:\Users\victor.ferat\Documents\Github\PyCartool\pycartool\ris\tests\test_source_estimate.py:56: Requires large file</skipped></testcase><testcase classname="pycartool.ris.tests.test_source_estimate" name="test_read_ris" time="0.010" /><testcase classname="pycartool.ris.tests.test_source_estimate" name="test_write_ris" time="0.020" /><testcase classname="pycartool.ris.tests.test_source_estimate" name="test_compute_tc" time="0.065" /><testcase classname="pycartool.ris.tests.test_source_estimate" name="test_compute_rois_tc" time="0.005" /><testcase classname="pycartool.ris.tests.test_source_estimate" name="test_per_roi" time="0.001" /><testcase classname="pycartool.rois.tests.test_regions_of_interest" name="test_read_roi" time="0.004" /><testcase classname="pycartool.sef.tests.test_sef" name="test_read_sef" time="0.068" /><testcase classname="pycartool.sef.tests.test_sef" name="test_write_sef" time="0.186" /><testcase classname="pycartool.spi.tests.test_source_space" name="test_read_spi" time="0.014" /><testcase classname="pycartool.spi.tests.test_source_space" name="test_SourceSpace" time="0.002" /><testcase classname="pycartool.spi.tests.test_source_space" name="test_SourceSpace_get_center_of_mass" time="0.003" /><testcase classname="pycartool.spi.tests.test_source_space" name="test_write_spi" time="0.035" /><testcase classname="pycartool.xyz.tests.test_xyz" name="test_read_xyz" time="0.006" /></testsuite></testsuites>